<?xml version="1.0" encoding="UTF-8"?>
<!-- Generated by org.testng.reporters.JUnitReportReporter -->
<testsuite hostname="DESKTOP-BCQBDDD" failures="0" tests="1" name="mavenforjenkins.UITest" time="4.234" errors="0" timestamp="2025-04-04T22:39:16 IST" skipped="0">
  <testcase classname="mavenforjenkins.UITest" name="startBrowser" time="4.234"/>
  <system-out/>
</testsuite> <!-- mavenforjenkins.UITest -->
